var a = [100,10,20,3,40];
undefined
a.sort
ƒ sort() { [native code] }
function compare(a,b){
return a -b;
}
undefined
a.sort(compare);
(5) [3, 10, 20, 40, 100]
function compare(a,b){
return b -a;
}
undefined
a.sort(compare);
(5) [100, 40, 20, 10, 3]
a.sort((a,b)=>a-b);
(5) [3, 10, 20, 40, 100]
"amit".localeCompare("anil");
-1
"amit".localeCompare("amit");
0
"anil".localeCompare("amit");
1
var s  =["amit","ram","shyam","anil"]';
VM1380:1 Uncaught SyntaxError: Invalid or unexpected token
var s  =["amit","ram","shyam","anil"];
undefined
s.sort((a,b)=>a.localeCompare(b));
(4) ["amit", "anil", "ram", "shyam"]
var s  =["amit","ram","shyam","anil",10,false];
undefined
s.sort((a,b)=>a.localeCompare(b));
(6) [10, "amit", "anil", false, "ram", "shyam"]
var a = [100,10,20,3,40];
undefined
a.filter(b=>b>40);
[100]
a.filter(b=>b>20);
(2) [100, 40]
var x = a.filter(b=>b>20);
undefined
x;
(2) [100, 40]
a;
(5) [100, 10, 20, 3, 40]
a.filter(b=>b>20).sort((a,b)=>a-b);
(2) [40, 100]
var x = a.filter(b=>b==100);
undefined
x;
[100]
x[0];
100
typeof x;
"object"
x instanceof Array;
true
a;
(5) [100, 10, 20, 3, 40]
var t  =a.map(b=>b*b);
undefined
t;
(5) [10000, 100, 400, 9, 1600]
t.forEach(y=>console.log("Y is "+y);
VM2744:1 Uncaught SyntaxError: missing ) after argument list
t.forEach(y=>console.log("Y is "+y));
VM2751:1 Y is 10000
VM2751:1 Y is 100
VM2751:1 Y is 400
VM2751:1 Y is 9
VM2751:1 Y is 1600
undefined
t.splice(0,1);
[10000]
t;
(4) [100, 400, 9, 1600]
t.splice(1,3);
(3) [400, 9, 1600]
t;
[100]
